#
# A fatal error has been detected by the Java Runtime Environment:
#
#  SIGBUS (0x7) at pc=0x00007f7aecb850e0, pid=6768, tid=140165941069568
#
# JRE version: OpenJDK Runtime Environment (7.0_79-b14) (build 1.7.0_79-b14)
# Java VM: OpenJDK 64-Bit Server VM (24.79-b02 mixed mode linux-amd64 compressed oops)
# Derivative: IcedTea 2.5.5
# Distribution: Ubuntu 14.04 LTS, package 7u79-2.5.5-0ubuntu0.14.04.2
# Problematic frame:
# C  [libc.so.6+0x1500e0]
#
# Failed to write core dump. Core dumps have been disabled. To enable core dumping, try "ulimit -c unlimited" before starting Java again
#
# If you would like to submit a bug report, please include
# instructions on how to reproduce the bug and visit:
#   http://icedtea.classpath.org/bugzilla
#

---------------  T H R E A D  ---------------

Current thread (0x00007f7ae400a000):  JavaThread "main" [_thread_in_vm, id=6769, stack(0x00007f7aed108000,0x00007f7aed209000)]

siginfo:si_signo=SIGBUS: si_errno=0, si_code=2 (BUS_ADRERR), si_addr=0x00007f7aca15d2b2

Registers:
RAX=0x00000007d7500b40, RBX=0x0000000000035a01, RCX=0x00000007d7500b40, RDX=0x0000000000035a01
RSP=0x00007f7aed206e78, RBP=0x00007f7aed206ec0, RSI=0x00007f7aca15d2b2, RDI=0x00000007d7500b40
R8 =0x00007f7aec3b9420, R9 =0x0000000000000010, R10=0x00007f7ae1012d6c, R11=0x00007f7aebe542c0
R12=0x0000000000000000, R13=0x00007f7aed206fa0, R14=0x00007f7ae400a000, R15=0x0000000000000010
RIP=0x00007f7aecb850e0, EFLAGS=0x0000000000010206, CSGSFS=0x0000000000000033, ERR=0x0000000000000004
  TRAPNO=0x000000000000000e

Top of Stack: (sp=0x00007f7aed206e78)
0x00007f7aed206e78:   00007f7aebf1a681 00007f7ae400a9d8
0x00007f7aed206e88:   00007f7aca15d2b2 00007f7aed206eb0
0x00007f7aed206e98:   000000077ab06288 0000000000000000
0x00007f7aed206ea8:   000000077ab06288 00007f7aed206fc0
0x00007f7aed206eb8:   00007f7ae400a000 00007f7aed206f60
0x00007f7aed206ec8:   00007f7ae1012d98 0000000000035a01
0x00007f7aed206ed8:   ffffffffebce5ac5 00007f7ae400a9d8
0x00007f7aed206ee8:   00007f7ae400a000 00007f7aed206f20
0x00007f7aed206ef8:   00007f7aebce542f 00007f7aed207250
0x00007f7aed206f08:   00007f7ae40b70e1 00007f7ae400a9d0
0x00007f7aed206f18:   00007f7aed207250 00007f7aed206f20
0x00007f7aed206f28:   0000000000000000 00007f7aed206fc0
0x00007f7aed206f38:   000000077ab08f38 0000000000000000
0x00007f7aed206f48:   000000077ab06288 0000000000000000
0x00007f7aed206f58:   00007f7aed206f80 00007f7aed207008
0x00007f7aed206f68:   00007f7ae1006058 0000000000000000
0x00007f7aed206f78:   00007f7ae100ecd8 0000000000035a01
0x00007f7aed206f88:   00000000000003d8 0000000000000010
0x00007f7aed206f98:   00007f7aed2072d0 00000007d7500b30
0x00007f7aed206fa8:   00007f7aca15d2b2 00007f7ae4007370
0x00007f7aed206fb8:   0000000000000000 00000007d700fac8
0x00007f7aed206fc8:   00007f7aed206fc8 000000077abbdc32
0x00007f7aed206fd8:   00007f7aed207078 000000077abbea78
0x00007f7aed206fe8:   0000000000000000 000000077abbdcb0
0x00007f7aed206ff8:   00007f7aed206f80 00007f7aed207038
0x00007f7aed207008:   00007f7aed2070c0 00007f7ae1006058
0x00007f7aed207018:   0000000000035a01 0000000000000000
0x00007f7aed207028:   0000000000000010 0000000000000000
0x00007f7aed207038:   0000000000035a01 0000000000035a01
0x00007f7aed207048:   0000000000000000 0000000000000000
0x00007f7aed207058:   0000000000000010 00007f7aed2070c0
0x00007f7aed207068:   00000007d7500b30 00007f7aca15d2b2 

Instructions: (pc=0x00007f7aecb850e0)
0x00007f7aecb850c0:   fa 90 00 00 00 73 19 48 01 d6 48 01 d7 4c 8d 1d
0x00007f7aecb850d0:   9c 7b 03 00 49 63 14 93 49 8d 14 13 ff e2 0f 0b
0x00007f7aecb850e0:   f3 0f 6f 06 49 89 f8 48 83 e7 f0 48 83 c7 10 49
0x00007f7aecb850f0:   89 f9 4d 29 c1 4c 29 ca 4c 01 ce 49 89 f1 49 83 

Register to memory mapping:

RAX=0x00000007d7500b40 is an unknown value
RBX=0x0000000000035a01 is an unknown value
RCX=0x00000007d7500b40 is an unknown value
RDX=0x0000000000035a01 is an unknown value
RSP=0x00007f7aed206e78 is pointing into the stack for thread: 0x00007f7ae400a000
RBP=0x00007f7aed206ec0 is pointing into the stack for thread: 0x00007f7ae400a000
RSI=0x00007f7aca15d2b2 is an unknown value
RDI=0x00000007d7500b40 is an unknown value
R8 =0x00007f7aec3b9420: <offset 0xdc2420> in /usr/lib/jvm/java-7-openjdk-amd64/jre/lib/amd64/server/libjvm.so at 0x00007f7aeb5f7000
R9 =0x0000000000000010 is an unknown value
R10=0x00007f7ae1012d6c is at code_begin+620 in an Interpreter codelet
method entry point (kind = native)  [0x00007f7ae1012b00, 0x00007f7ae1013360]  2144 bytes
R11=0x00007f7aebe542c0: <offset 0x85d2c0> in /usr/lib/jvm/java-7-openjdk-amd64/jre/lib/amd64/server/libjvm.so at 0x00007f7aeb5f7000
R12=0x0000000000000000 is an unknown value
R13=0x00007f7aed206fa0 is pointing into the stack for thread: 0x00007f7ae400a000
R14=0x00007f7ae400a000 is a thread
R15=0x0000000000000010 is an unknown value


Stack: [0x00007f7aed108000,0x00007f7aed209000],  sp=0x00007f7aed206e78,  free space=1019k
Native frames: (J=compiled Java code, j=interpreted, Vv=VM code, C=native code)
C  [libc.so.6+0x1500e0]
j  sun.misc.Unsafe.copyMemory(Ljava/lang/Object;JLjava/lang/Object;JJ)V+0
j  java.nio.Bits.copyToArray(JLjava/lang/Object;JJJ)V+42
j  java.nio.DirectByteBuffer.get([BII)Ljava/nio/ByteBuffer;+98
j  com.itextpdf.text.io.ByteBufferRandomAccessSource.get(J[BII)I+66
j  com.itextpdf.text.io.MappedChannelRandomAccessSource.get(J[BII)I+27
j  com.itextpdf.text.io.FileChannelRandomAccessSource.get(J[BII)I+10
j  com.itextpdf.text.io.GetBufferedRandomAccessSource.get(J[BII)I+10
j  com.itextpdf.text.io.IndependentRandomAccessSource.get(J[BII)I+10
j  com.itextpdf.text.pdf.RandomAccessFileOrArray.read([BII)I+56
j  com.itextpdf.text.pdf.RandomAccessFileOrArray.readFully([BII)V+13
j  com.itextpdf.text.pdf.RandomAccessFileOrArray.readFully([B)V+5
j  com.itextpdf.text.pdf.PdfReader.getStreamBytesRaw(Lcom/itextpdf/text/pdf/PRStream;Lcom/itextpdf/text/pdf/RandomAccessFileOrArray;)[B+39
j  com.itextpdf.text.pdf.PdfReader.getStreamBytes(Lcom/itextpdf/text/pdf/PRStream;Lcom/itextpdf/text/pdf/RandomAccessFileOrArray;)[B+2
j  com.itextpdf.text.pdf.PdfReader.getStreamBytes(Lcom/itextpdf/text/pdf/PRStream;)[B+14
j  com.itextpdf.text.pdf.parser.ContentByteUtils.getContentBytesFromContentObject(Lcom/itextpdf/text/pdf/PdfObject;)[B+69
j  com.itextpdf.text.pdf.parser.ContentByteUtils.getContentBytesFromContentObject(Lcom/itextpdf/text/pdf/PdfObject;)[B+51
j  com.itextpdf.text.pdf.parser.ContentByteUtils.getContentBytesForPage(Lcom/itextpdf/text/pdf/PdfReader;I)[B+23
j  com.itextpdf.text.pdf.parser.PdfReaderContentParser.processContent(ILcom/itextpdf/text/pdf/parser/RenderListener;)Lcom/itextpdf/text/pdf/parser/RenderListener;+35
j  com.itextpdf.text.pdf.parser.PdfTextExtractor.getTextFromPage(Lcom/itextpdf/text/pdf/PdfReader;ILcom/itextpdf/text/pdf/parser/TextExtractionStrategy;)Ljava/lang/String;+12
j  ExtractPageContentArea.parsePdf(Ljava/lang/String;Ljava/lang/String;)V+99
j  ExtractPageContentArea.main([Ljava/lang/String;)V+11
v  ~StubRoutines::call_stub
V  [libjvm.so+0x5e8099]  JavaCalls::call_helper(JavaValue*, methodHandle*, JavaCallArguments*, Thread*)+0x339
V  [libjvm.so+0x5e7b38]  JavaCalls::call(JavaValue*, methodHandle, JavaCallArguments*, Thread*)+0x28
V  [libjvm.so+0x5f6c6b]  jni_invoke_static(JNIEnv_*, JavaValue*, _jobject*, JNICallType, _jmethodID*, JNI_ArgumentPusher*, Thread*) [clone .isra.124] [clone .constprop.156]+0x28b
V  [libjvm.so+0x607ed8]  jni_CallStaticVoidMethod+0x118
C  [libjli.so+0x31f9]

Java frames: (J=compiled Java code, j=interpreted, Vv=VM code)
j  sun.misc.Unsafe.copyMemory(Ljava/lang/Object;JLjava/lang/Object;JJ)V+0
j  java.nio.Bits.copyToArray(JLjava/lang/Object;JJJ)V+42
j  java.nio.DirectByteBuffer.get([BII)Ljava/nio/ByteBuffer;+98
j  com.itextpdf.text.io.ByteBufferRandomAccessSource.get(J[BII)I+66
j  com.itextpdf.text.io.MappedChannelRandomAccessSource.get(J[BII)I+27
j  com.itextpdf.text.io.FileChannelRandomAccessSource.get(J[BII)I+10
j  com.itextpdf.text.io.GetBufferedRandomAccessSource.get(J[BII)I+10
j  com.itextpdf.text.io.IndependentRandomAccessSource.get(J[BII)I+10
j  com.itextpdf.text.pdf.RandomAccessFileOrArray.read([BII)I+56
j  com.itextpdf.text.pdf.RandomAccessFileOrArray.readFully([BII)V+13
j  com.itextpdf.text.pdf.RandomAccessFileOrArray.readFully([B)V+5
j  com.itextpdf.text.pdf.PdfReader.getStreamBytesRaw(Lcom/itextpdf/text/pdf/PRStream;Lcom/itextpdf/text/pdf/RandomAccessFileOrArray;)[B+39
j  com.itextpdf.text.pdf.PdfReader.getStreamBytes(Lcom/itextpdf/text/pdf/PRStream;Lcom/itextpdf/text/pdf/RandomAccessFileOrArray;)[B+2
j  com.itextpdf.text.pdf.PdfReader.getStreamBytes(Lcom/itextpdf/text/pdf/PRStream;)[B+14
j  com.itextpdf.text.pdf.parser.ContentByteUtils.getContentBytesFromContentObject(Lcom/itextpdf/text/pdf/PdfObject;)[B+69
j  com.itextpdf.text.pdf.parser.ContentByteUtils.getContentBytesFromContentObject(Lcom/itextpdf/text/pdf/PdfObject;)[B+51
j  com.itextpdf.text.pdf.parser.ContentByteUtils.getContentBytesForPage(Lcom/itextpdf/text/pdf/PdfReader;I)[B+23
j  com.itextpdf.text.pdf.parser.PdfReaderContentParser.processContent(ILcom/itextpdf/text/pdf/parser/RenderListener;)Lcom/itextpdf/text/pdf/parser/RenderListener;+35
j  com.itextpdf.text.pdf.parser.PdfTextExtractor.getTextFromPage(Lcom/itextpdf/text/pdf/PdfReader;ILcom/itextpdf/text/pdf/parser/TextExtractionStrategy;)Ljava/lang/String;+12
j  ExtractPageContentArea.parsePdf(Ljava/lang/String;Ljava/lang/String;)V+99
j  ExtractPageContentArea.main([Ljava/lang/String;)V+11
v  ~StubRoutines::call_stub

---------------  P R O C E S S  ---------------

Java Threads: ( => current thread )
  0x00007f7ae40ae000 JavaThread "Service Thread" daemon [_thread_blocked, id=6780, stack(0x00007f7acba4d000,0x00007f7acbb4e000)]
  0x00007f7ae40ab800 JavaThread "C2 CompilerThread1" daemon [_thread_blocked, id=6779, stack(0x00007f7acbb4e000,0x00007f7acbc4f000)]
  0x00007f7ae40a8800 JavaThread "C2 CompilerThread0" daemon [_thread_blocked, id=6778, stack(0x00007f7acbc4f000,0x00007f7acbd50000)]
  0x00007f7ae40a6800 JavaThread "Signal Dispatcher" daemon [_thread_blocked, id=6777, stack(0x00007f7ae0015000,0x00007f7ae0116000)]
  0x00007f7ae407b800 JavaThread "Finalizer" daemon [_thread_blocked, id=6776, stack(0x00007f7ae07f8000,0x00007f7ae08f9000)]
  0x00007f7ae4079800 JavaThread "Reference Handler" daemon [_thread_blocked, id=6775, stack(0x00007f7ae08f9000,0x00007f7ae09fa000)]
=>0x00007f7ae400a000 JavaThread "main" [_thread_in_vm, id=6769, stack(0x00007f7aed108000,0x00007f7aed209000)]

Other Threads:
  0x00007f7ae4075800 VMThread [stack: 0x00007f7ae09fa000,0x00007f7ae0afb000] [id=6774]
  0x00007f7ae40b8800 WatcherThread [stack: 0x00007f7acb94c000,0x00007f7acba4d000] [id=6781]

VM state:not at safepoint (normal execution)

VM Mutex/Monitor currently owned by a thread: None

Heap
 PSYoungGen      total 36864K, used 5721K [0x00000007d7000000, 0x00000007d9900000, 0x0000000800000000)
  eden space 31744K, 18% used [0x00000007d7000000,0x00000007d7596518,0x00000007d8f00000)
  from space 5120K, 0% used [0x00000007d9400000,0x00000007d9400000,0x00000007d9900000)
  to   space 5120K, 0% used [0x00000007d8f00000,0x00000007d8f00000,0x00000007d9400000)
 ParOldGen       total 83968K, used 0K [0x0000000785000000, 0x000000078a200000, 0x00000007d7000000)
  object space 83968K, 0% used [0x0000000785000000,0x0000000785000000,0x000000078a200000)
 PSPermGen       total 21504K, used 4281K [0x000000077aa00000, 0x000000077bf00000, 0x0000000785000000)
  object space 21504K, 19% used [0x000000077aa00000,0x000000077ae2e4b0,0x000000077bf00000)

Card table byte_map: [0x00007f7ae991e000,0x00007f7ae9d4a000] byte_map_base: 0x00007f7ae5d49000

Polling page: 0x00007f7aed227000

Code Cache  [0x00007f7ae1000000, 0x00007f7ae1270000, 0x00007f7ae4000000)
 total_blobs=224 nmethods=17 adapters=161 free_code_cache=48702Kb largest_free_block=49839936

Compilation events (10 events):
Event: 0.194 Thread 0x00007f7ae40ab800 nmethod 11 0x00007f7ae1068250 code [0x00007f7ae10683a0, 0x00007f7ae1068548]
Event: 0.196 Thread 0x00007f7ae40a8800   13             java.lang.StringBuilder::append (8 bytes)
Event: 0.197 Thread 0x00007f7ae40ab800   14             com.itextpdf.text.pdf.PRTokeniser::nextToken (1152 bytes)
Event: 0.198 Thread 0x00007f7ae40a8800 nmethod 13 0x00007f7ae106b250 code [0x00007f7ae106b3a0, 0x00007f7ae106b6b8]
Event: 0.217 Thread 0x00007f7ae40a8800   15             java.lang.String::indexOf (166 bytes)
Event: 0.223 Thread 0x00007f7ae40a8800 nmethod 15 0x00007f7ae1063110 code [0x00007f7ae1063260, 0x00007f7ae10636b8]
Event: 0.224 Thread 0x00007f7ae40a8800   16             java.lang.String::equals (81 bytes)
Event: 0.227 Thread 0x00007f7ae40a8800 nmethod 16 0x00007f7ae1062bd0 code [0x00007f7ae1062d20, 0x00007f7ae1062f98]
Event: 0.227 Thread 0x00007f7ae40a8800   17             java.lang.String::replace (127 bytes)
Event: 0.234 Thread 0x00007f7ae40a8800 nmethod 17 0x00007f7ae106d490 code [0x00007f7ae106d5e0, 0x00007f7ae106da38]

GC Heap History (0 events):
No events

Deoptimization events (0 events):
No events

Internal exceptions (10 events):
Event: 0.101 Thread 0x00007f7ae400a000 Threw 0x00000007d705cf08 at /build/buildd/openjdk-7-7u79-2.5.5/build/openjdk/hotspot/src/share/vm/prims/jni.cpp:721
Event: 0.102 Thread 0x00007f7ae400a000 Threw 0x00000007d705d088 at /build/buildd/openjdk-7-7u79-2.5.5/build/openjdk/hotspot/src/share/vm/prims/jvm.cpp:1284
Event: 0.102 Thread 0x00007f7ae400a000 Threw 0x00000007d705d1b0 at /build/buildd/openjdk-7-7u79-2.5.5/build/openjdk/hotspot/src/share/vm/prims/jvm.cpp:1284
Event: 0.103 Thread 0x00007f7ae400a000 Threw 0x00000007d7064778 at /build/buildd/openjdk-7-7u79-2.5.5/build/openjdk/hotspot/src/share/vm/prims/jvm.cpp:1284
Event: 0.139 Thread 0x00007f7ae400a000 Threw 0x00000007d72541d0 at /build/buildd/openjdk-7-7u79-2.5.5/build/openjdk/hotspot/src/share/vm/prims/jvm.cpp:1284
Event: 0.139 Thread 0x00007f7ae400a000 Threw 0x00000007d72542f8 at /build/buildd/openjdk-7-7u79-2.5.5/build/openjdk/hotspot/src/share/vm/prims/jvm.cpp:1284
Event: 0.139 Thread 0x00007f7ae400a000 Threw 0x00000007d72569a8 at /build/buildd/openjdk-7-7u79-2.5.5/build/openjdk/hotspot/src/share/vm/prims/jvm.cpp:1284
Event: 0.139 Thread 0x00007f7ae400a000 Threw 0x00000007d7256ad0 at /build/buildd/openjdk-7-7u79-2.5.5/build/openjdk/hotspot/src/share/vm/prims/jvm.cpp:1284
Event: 0.139 Thread 0x00007f7ae400a000 Threw 0x00000007d72574d0 at /build/buildd/openjdk-7-7u79-2.5.5/build/openjdk/hotspot/src/share/vm/prims/jvm.cpp:1284
Event: 0.139 Thread 0x00007f7ae400a000 Threw 0x00000007d72575f8 at /build/buildd/openjdk-7-7u79-2.5.5/build/openjdk/hotspot/src/share/vm/prims/jvm.cpp:1284

Events (10 events):
Event: 0.231 loading class 0x00007f7ae420d0a0
Event: 0.231 loading class 0x00007f7ae420d0a0 done
Event: 0.232 loading class 0x00007f7ae41ee850
Event: 0.232 loading class 0x00007f7ae41ee850 done
Event: 0.233 loading class 0x00007f7ae420d0e0
Event: 0.233 loading class 0x00007f7ae420d0e0 done
Event: 0.233 loading class 0x00007f7ae41ee1a0
Event: 0.233 loading class 0x00007f7ae41ee1a0 done
Event: 0.234 loading class 0x00007f7ae41e9d60
Event: 0.234 loading class 0x00007f7ae41e9d60 done


Dynamic libraries:
00400000-00401000 r-xp 00000000 08:08 4069898                            /usr/lib/jvm/java-7-openjdk-amd64/jre/bin/java
00600000-00601000 r--p 00000000 08:08 4069898                            /usr/lib/jvm/java-7-openjdk-amd64/jre/bin/java
00601000-00602000 rw-p 00001000 08:08 4069898                            /usr/lib/jvm/java-7-openjdk-amd64/jre/bin/java
00f9d000-00fbe000 rw-p 00000000 00:00 0                                  [heap]
77aa00000-77bf00000 rw-p 00000000 00:00 0 
77bf00000-785000000 rw-p 00000000 00:00 0 
785000000-78a200000 rw-p 00000000 00:00 0 
78a200000-7d7000000 rw-p 00000000 00:00 0 
7d7000000-7d9900000 rw-p 00000000 00:00 0 
7d9900000-800000000 rw-p 00000000 00:00 0 
7f7aa4000000-7f7aa4021000 rw-p 00000000 00:00 0 
7f7aa4021000-7f7aa8000000 ---p 00000000 00:00 0 
7f7aac000000-7f7aac528000 rw-p 00000000 00:00 0 
7f7aac528000-7f7ab0000000 ---p 00000000 00:00 0 
7f7ab0000000-7f7ab0021000 rw-p 00000000 00:00 0 
7f7ab0021000-7f7ab4000000 ---p 00000000 00:00 0 
7f7ab4000000-7f7ab4021000 rw-p 00000000 00:00 0 
7f7ab4021000-7f7ab8000000 ---p 00000000 00:00 0 
7f7ab8000000-7f7ab81b3000 rw-p 00000000 00:00 0 
7f7ab81b3000-7f7abc000000 ---p 00000000 00:00 0 
7f7abc000000-7f7abc021000 rw-p 00000000 00:00 0 
7f7abc021000-7f7ac0000000 ---p 00000000 00:00 0 
7f7ac0000000-7f7ac0021000 rw-p 00000000 00:00 0 
7f7ac0021000-7f7ac4000000 ---p 00000000 00:00 0 
7f7ac4000000-7f7ac4021000 rw-p 00000000 00:00 0 
7f7ac4021000-7f7ac8000000 ---p 00000000 00:00 0 
7f7ac9f13000-7f7aca14d000 rw-p 00000000 00:00 0 
7f7aca14d000-7f7aca1a6000 r--s 00000000 08:09 7611622                    /home/anshul/Downloads/ishare.pdf
7f7aca1a6000-7f7aca1b6000 r-xp 00000000 08:08 4071205                    /usr/lib/jvm/java-7-openjdk-amd64/jre/lib/amd64/libnio.so
7f7aca1b6000-7f7aca3b6000 ---p 00010000 08:08 4071205                    /usr/lib/jvm/java-7-openjdk-amd64/jre/lib/amd64/libnio.so
7f7aca3b6000-7f7aca3b7000 r--p 00010000 08:08 4071205                    /usr/lib/jvm/java-7-openjdk-amd64/jre/lib/amd64/libnio.so
7f7aca3b7000-7f7aca3b8000 rw-p 00011000 08:08 4071205                    /usr/lib/jvm/java-7-openjdk-amd64/jre/lib/amd64/libnio.so
7f7aca3b8000-7f7aca3f5000 r-xp 00000000 08:08 4984918                    /lib/x86_64-linux-gnu/libpcre.so.3.13.1
7f7aca3f5000-7f7aca5f4000 ---p 0003d000 08:08 4984918                    /lib/x86_64-linux-gnu/libpcre.so.3.13.1
7f7aca5f4000-7f7aca5f5000 r--p 0003c000 08:08 4984918                    /lib/x86_64-linux-gnu/libpcre.so.3.13.1
7f7aca5f5000-7f7aca5f6000 rw-p 0003d000 08:08 4984918                    /lib/x86_64-linux-gnu/libpcre.so.3.13.1
7f7aca5f6000-7f7aca5fd000 r-xp 00000000 08:08 3809641                    /usr/lib/x86_64-linux-gnu/libffi.so.6.0.1
7f7aca5fd000-7f7aca7fc000 ---p 00007000 08:08 3809641                    /usr/lib/x86_64-linux-gnu/libffi.so.6.0.1
7f7aca7fc000-7f7aca7fd000 r--p 00006000 08:08 3809641                    /usr/lib/x86_64-linux-gnu/libffi.so.6.0.1
7f7aca7fd000-7f7aca7fe000 rw-p 00007000 08:08 3809641                    /usr/lib/x86_64-linux-gnu/libffi.so.6.0.1
7f7aca7fe000-7f7aca815000 r-xp 00000000 08:08 4993206                    /lib/x86_64-linux-gnu/libresolv-2.19.so
7f7aca815000-7f7acaa15000 ---p 00017000 08:08 4993206                    /lib/x86_64-linux-gnu/libresolv-2.19.so
7f7acaa15000-7f7acaa16000 r--p 00017000 08:08 4993206                    /lib/x86_64-linux-gnu/libresolv-2.19.so
7f7acaa16000-7f7acaa17000 rw-p 00018000 08:08 4993206                    /lib/x86_64-linux-gnu/libresolv-2.19.so
7f7acaa17000-7f7acaa19000 rw-p 00000000 00:00 0 
7f7acaa19000-7f7acaa39000 r-xp 00000000 08:08 4984945                    /lib/x86_64-linux-gnu/libselinux.so.1
7f7acaa39000-7f7acac38000 ---p 00020000 08:08 4984945                    /lib/x86_64-linux-gnu/libselinux.so.1
7f7acac38000-7f7acac39000 r--p 0001f000 08:08 4984945                    /lib/x86_64-linux-gnu/libselinux.so.1
7f7acac39000-7f7acac3a000 rw-p 00020000 08:08 4984945                    /lib/x86_64-linux-gnu/libselinux.so.1
7f7acac3a000-7f7acac3c000 rw-p 00000000 00:00 0 
7f7acac3c000-7f7acac3f000 r-xp 00000000 08:08 3809754                    /usr/lib/x86_64-linux-gnu/libgmodule-2.0.so.0.4002.0
7f7acac3f000-7f7acae3e000 ---p 00003000 08:08 3809754                    /usr/lib/x86_64-linux-gnu/libgmodule-2.0.so.0.4002.0
7f7acae3e000-7f7acae3f000 r--p 00002000 08:08 3809754                    /usr/lib/x86_64-linux-gnu/libgmodule-2.0.so.0.4002.0
7f7acae3f000-7f7acae40000 rw-p 00003000 08:08 3809754                    /usr/lib/x86_64-linux-gnu/libgmodule-2.0.so.0.4002.0
7f7acae40000-7f7acaf46000 r-xp 00000000 08:08 4984846                    /lib/x86_64-linux-gnu/libglib-2.0.so.0.4002.0
7f7acaf46000-7f7acb145000 ---p 00106000 08:08 4984846                    /lib/x86_64-linux-gnu/libglib-2.0.so.0.4002.0
7f7acb145000-7f7acb146000 r--p 00105000 08:08 4984846                    /lib/x86_64-linux-gnu/libglib-2.0.so.0.4002.0
7f7acb146000-7f7acb147000 rw-p 00106000 08:08 4984846                    /lib/x86_64-linux-gnu/libglib-2.0.so.0.4002.0
7f7acb147000-7f7acb148000 rw-p 00000000 00:00 0 
7f7acb148000-7f7acb197000 r-xp 00000000 08:08 3809770                    /usr/lib/x86_64-linux-gnu/libgobject-2.0.so.0.4002.0
7f7acb197000-7f7acb397000 ---p 0004f000 08:08 3809770                    /usr/lib/x86_64-linux-gnu/libgobject-2.0.so.0.4002.0
7f7acb397000-7f7acb398000 r--p 0004f000 08:08 3809770                    /usr/lib/x86_64-linux-gnu/libgobject-2.0.so.0.4002.0
7f7acb398000-7f7acb399000 rw-p 00050000 08:08 3809770                    /usr/lib/x86_64-linux-gnu/libgobject-2.0.so.0.4002.0
7f7acb399000-7f7acb505000 r-xp 00000000 08:08 3809742                    /usr/lib/x86_64-linux-gnu/libgio-2.0.so.0.4002.0
7f7acb505000-7f7acb704000 ---p 0016c000 08:08 3809742                    /usr/lib/x86_64-linux-gnu/libgio-2.0.so.0.4002.0
7f7acb704000-7f7acb708000 r--p 0016b000 08:08 3809742                    /usr/lib/x86_64-linux-gnu/libgio-2.0.so.0.4002.0
7f7acb708000-7f7acb70a000 rw-p 0016f000 08:08 3809742                    /usr/lib/x86_64-linux-gnu/libgio-2.0.so.0.4002.0
7f7acb70a000-7f7acb70c000 rw-p 00000000 00:00 0 
7f7acb70c000-7f7acb723000 r-xp 00000000 08:08 4071218                    /usr/lib/jvm/java-7-openjdk-amd64/jre/lib/amd64/libnet.so
7f7acb723000-7f7acb922000 ---p 00017000 08:08 4071218                    /usr/lib/jvm/java-7-openjdk-amd64/jre/lib/amd64/libnet.so
7f7acb922000-7f7acb923000 r--p 00016000 08:08 4071218                    /usr/lib/jvm/java-7-openjdk-amd64/jre/lib/amd64/libnet.so
7f7acb923000-7f7acb924000 rw-p 00017000 08:08 4071218                    /usr/lib/jvm/java-7-openjdk-amd64/jre/lib/amd64/libnet.so
7f7acb924000-7f7acb94c000 r--s 004e7000 08:08 4064737                    /usr/lib/jvm/java-7-openjdk-amd64/jre/lib/ext/itextpdf-5.5.6-javadoc.jar
7f7acb94c000-7f7acb94d000 ---p 00000000 00:00 0 
7f7acb94d000-7f7acba4d000 rw-p 00000000 00:00 0                          [stack:6781]
7f7acba4d000-7f7acba50000 ---p 00000000 00:00 0 
7f7acba50000-7f7acbb4e000 rw-p 00000000 00:00 0                          [stack:6780]
7f7acbb4e000-7f7acbb51000 ---p 00000000 00:00 0 
7f7acbb51000-7f7acbc4f000 rw-p 00000000 00:00 0                          [stack:6779]
7f7acbc4f000-7f7acbc52000 ---p 00000000 00:00 0 
7f7acbc52000-7f7ad0000000 rw-p 00000000 00:00 0                          [stack:6778]
7f7ad0000000-7f7ad0021000 rw-p 00000000 00:00 0 
7f7ad0021000-7f7ad4000000 ---p 00000000 00:00 0 
7f7ad4000000-7f7ad4021000 rw-p 00000000 00:00 0 
7f7ad4021000-7f7ad8000000 ---p 00000000 00:00 0 
7f7ad8000000-7f7ad8021000 rw-p 00000000 00:00 0 
7f7ad8021000-7f7adc000000 ---p 00000000 00:00 0 
7f7adc000000-7f7adc021000 rw-p 00000000 00:00 0 
7f7adc021000-7f7ae0000000 ---p 00000000 00:00 0 
7f7ae0015000-7f7ae0018000 ---p 00000000 00:00 0 
7f7ae0018000-7f7ae0116000 rw-p 00000000 00:00 0                          [stack:6777]
7f7ae0116000-7f7ae07f8000 r--p 00000000 08:08 3808277                    /usr/lib/locale/locale-archive
7f7ae07f8000-7f7ae07fb000 ---p 00000000 00:00 0 
7f7ae07fb000-7f7ae08f9000 rw-p 00000000 00:00 0                          [stack:6776]
7f7ae08f9000-7f7ae08fc000 ---p 00000000 00:00 0 
7f7ae08fc000-7f7ae09fa000 rw-p 00000000 00:00 0                          [stack:6775]
7f7ae09fa000-7f7ae09fb000 ---p 00000000 00:00 0 
7f7ae09fb000-7f7ae1000000 rw-p 00000000 00:00 0                          [stack:6774]
7f7ae1000000-7f7ae1270000 rwxp 00000000 00:00 0 
7f7ae1270000-7f7ae431e000 rw-p 00000000 00:00 0 
7f7ae431e000-7f7ae8000000 ---p 00000000 00:00 0 
7f7ae8020000-7f7ae8023000 rw-p 00000000 00:00 0 
7f7ae8023000-7f7ae8027000 r--s 0003c000 08:08 4071229                    /usr/lib/jvm/java-7-openjdk-amd64/jre/lib/ext/sunpkcs11.jar
7f7ae8027000-7f7ae802b000 r--s 00034000 08:08 4071231                    /usr/lib/jvm/java-7-openjdk-amd64/jre/lib/ext/sunjce_provider.jar
7f7ae802b000-7f7ae803b000 r--s 00229000 08:08 4064738                    /usr/lib/jvm/java-7-openjdk-amd64/jre/lib/ext/itextpdf-5.5.6-sources.jar
7f7ae803b000-7f7ae803d000 r--s 00006000 08:08 4202065                    /usr/share/java/java-atk-wrapper.jar
7f7ae803d000-7f7ae8040000 r--s 0001d000 08:08 4064744                    /usr/lib/jvm/java-7-openjdk-amd64/jre/lib/ext/itext-xtra-5.5.6-sources.jar
7f7ae8040000-7f7ae8b38000 rw-p 00000000 00:00 0 
7f7ae8b38000-7f7ae8ce9000 r--s 01d27000 08:08 4071224                    /usr/lib/jvm/java-7-openjdk-amd64/jre/lib/rt.jar
7f7ae8ce9000-7f7ae9237000 rw-p 00000000 00:00 0 
7f7ae9237000-7f7ae9238000 ---p 00000000 00:00 0 
7f7ae9238000-7f7ae9338000 rw-p 00000000 00:00 0                          [stack:6773]
7f7ae9338000-7f7ae9339000 ---p 00000000 00:00 0 
7f7ae9339000-7f7ae9439000 rw-p 00000000 00:00 0                          [stack:6772]
7f7ae9439000-7f7ae943a000 ---p 00000000 00:00 0 
7f7ae943a000-7f7ae953a000 rw-p 00000000 00:00 0                          [stack:6771]
7f7ae953a000-7f7ae953b000 ---p 00000000 00:00 0 
7f7ae953b000-7f7ae9646000 rw-p 00000000 00:00 0                          [stack:6770]
7f7ae9646000-7f7ae968e000 rw-p 00000000 00:00 0 
7f7ae968e000-7f7ae96b7000 rw-p 00000000 00:00 0 
7f7ae96b7000-7f7ae991e000 rw-p 00000000 00:00 0 
7f7ae991e000-7f7ae9929000 rw-p 00000000 00:00 0 
7f7ae9929000-7f7ae9971000 rw-p 00000000 00:00 0 
7f7ae9971000-7f7ae999a000 rw-p 00000000 00:00 0 
7f7ae999a000-7f7ae9c01000 rw-p 00000000 00:00 0 
7f7ae9c01000-7f7ae9c16000 rw-p 00000000 00:00 0 
7f7ae9c16000-7f7ae9d49000 rw-p 00000000 00:00 0 
7f7ae9d49000-7f7ae9d4a000 rw-p 00000000 00:00 0 
7f7ae9d4a000-7f7ae9d52000 r-xp 00000000 08:08 4071201                    /usr/lib/jvm/java-7-openjdk-amd64/jre/lib/amd64/libzip.so
7f7ae9d52000-7f7ae9f51000 ---p 00008000 08:08 4071201                    /usr/lib/jvm/java-7-openjdk-amd64/jre/lib/amd64/libzip.so
7f7ae9f51000-7f7ae9f52000 r--p 00007000 08:08 4071201                    /usr/lib/jvm/java-7-openjdk-amd64/jre/lib/amd64/libzip.so
7f7ae9f52000-7f7ae9f53000 rw-p 00008000 08:08 4071201                    /usr/lib/jvm/java-7-openjdk-amd64/jre/lib/amd64/libzip.so
7f7ae9f53000-7f7ae9f5e000 r-xp 00000000 08:08 4993208                    /lib/x86_64-linux-gnu/libnss_files-2.19.so
7f7ae9f5e000-7f7aea15d000 ---p 0000b000 08:08 4993208                    /lib/x86_64-linux-gnu/libnss_files-2.19.so
7f7aea15d000-7f7aea15e000 r--p 0000a000 08:08 4993208                    /lib/x86_64-linux-gnu/libnss_files-2.19.so
7f7aea15e000-7f7aea15f000 rw-p 0000b000 08:08 4993208                    /lib/x86_64-linux-gnu/libnss_files-2.19.so
7f7aea15f000-7f7aea16a000 r-xp 00000000 08:08 4993228                    /lib/x86_64-linux-gnu/libnss_nis-2.19.so
7f7aea16a000-7f7aea369000 ---p 0000b000 08:08 4993228                    /lib/x86_64-linux-gnu/libnss_nis-2.19.so
7f7aea369000-7f7aea36a000 r--p 0000a000 08:08 4993228                    /lib/x86_64-linux-gnu/libnss_nis-2.19.so
7f7aea36a000-7f7aea36b000 rw-p 0000b000 08:08 4993228                    /lib/x86_64-linux-gnu/libnss_nis-2.19.so
7f7aea36b000-7f7aea382000 r-xp 00000000 08:08 4993217                    /lib/x86_64-linux-gnu/libnsl-2.19.so
7f7aea382000-7f7aea581000 ---p 00017000 08:08 4993217                    /lib/x86_64-linux-gnu/libnsl-2.19.so
7f7aea581000-7f7aea582000 r--p 00016000 08:08 4993217                    /lib/x86_64-linux-gnu/libnsl-2.19.so
7f7aea582000-7f7aea583000 rw-p 00017000 08:08 4993217                    /lib/x86_64-linux-gnu/libnsl-2.19.so
7f7aea583000-7f7aea585000 rw-p 00000000 00:00 0 
7f7aea585000-7f7aea58e000 r-xp 00000000 08:08 4993216                    /lib/x86_64-linux-gnu/libnss_compat-2.19.so
7f7aea58e000-7f7aea78d000 ---p 00009000 08:08 4993216                    /lib/x86_64-linux-gnu/libnss_compat-2.19.so
7f7aea78d000-7f7aea78e000 r--p 00008000 08:08 4993216                    /lib/x86_64-linux-gnu/libnss_compat-2.19.so
7f7aea78e000-7f7aea78f000 rw-p 00009000 08:08 4993216                    /lib/x86_64-linux-gnu/libnss_compat-2.19.so
7f7aea78f000-7f7aea7ba000 r-xp 00000000 08:08 4071217                    /usr/lib/jvm/java-7-openjdk-amd64/jre/lib/amd64/libjava.so
7f7aea7ba000-7f7aea9ba000 ---p 0002b000 08:08 4071217                    /usr/lib/jvm/java-7-openjdk-amd64/jre/lib/amd64/libjava.so
7f7aea9ba000-7f7aea9bb000 r--p 0002b000 08:08 4071217                    /usr/lib/jvm/java-7-openjdk-amd64/jre/lib/amd64/libjava.so
7f7aea9bb000-7f7aea9bd000 rw-p 0002c000 08:08 4071217                    /usr/lib/jvm/java-7-openjdk-amd64/jre/lib/amd64/libjava.so
7f7aea9bd000-7f7aea9cd000 r-xp 00000000 08:08 4071214                    /usr/lib/jvm/java-7-openjdk-amd64/jre/lib/amd64/libverify.so
7f7aea9cd000-7f7aeabcc000 ---p 00010000 08:08 4071214                    /usr/lib/jvm/java-7-openjdk-amd64/jre/lib/amd64/libverify.so
7f7aeabcc000-7f7aeabce000 r--p 0000f000 08:08 4071214                    /usr/lib/jvm/java-7-openjdk-amd64/jre/lib/amd64/libverify.so
7f7aeabce000-7f7aeabcf000 rw-p 00011000 08:08 4071214                    /usr/lib/jvm/java-7-openjdk-amd64/jre/lib/amd64/libverify.so
7f7aeabcf000-7f7aeabd6000 r-xp 00000000 08:08 4993225                    /lib/x86_64-linux-gnu/librt-2.19.so
7f7aeabd6000-7f7aeadd5000 ---p 00007000 08:08 4993225                    /lib/x86_64-linux-gnu/librt-2.19.so
7f7aeadd5000-7f7aeadd6000 r--p 00006000 08:08 4993225                    /lib/x86_64-linux-gnu/librt-2.19.so
7f7aeadd6000-7f7aeadd7000 rw-p 00007000 08:08 4993225                    /lib/x86_64-linux-gnu/librt-2.19.so
7f7aeadd7000-7f7aeaded000 r-xp 00000000 08:08 4984842                    /lib/x86_64-linux-gnu/libgcc_s.so.1
7f7aeaded000-7f7aeafec000 ---p 00016000 08:08 4984842                    /lib/x86_64-linux-gnu/libgcc_s.so.1
7f7aeafec000-7f7aeafed000 rw-p 00015000 08:08 4984842                    /lib/x86_64-linux-gnu/libgcc_s.so.1
7f7aeafed000-7f7aeb0f2000 r-xp 00000000 08:08 4993207                    /lib/x86_64-linux-gnu/libm-2.19.so
7f7aeb0f2000-7f7aeb2f1000 ---p 00105000 08:08 4993207                    /lib/x86_64-linux-gnu/libm-2.19.so
7f7aeb2f1000-7f7aeb2f2000 r--p 00104000 08:08 4993207                    /lib/x86_64-linux-gnu/libm-2.19.so
7f7aeb2f2000-7f7aeb2f3000 rw-p 00105000 08:08 4993207                    /lib/x86_64-linux-gnu/libm-2.19.so
7f7aeb2f3000-7f7aeb3d9000 r-xp 00000000 08:08 3810263                    /usr/lib/x86_64-linux-gnu/libstdc++.so.6.0.19
7f7aeb3d9000-7f7aeb5d8000 ---p 000e6000 08:08 3810263                    /usr/lib/x86_64-linux-gnu/libstdc++.so.6.0.19
7f7aeb5d8000-7f7aeb5e0000 r--p 000e5000 08:08 3810263                    /usr/lib/x86_64-linux-gnu/libstdc++.so.6.0.19
7f7aeb5e0000-7f7aeb5e2000 rw-p 000ed000 08:08 3810263                    /usr/lib/x86_64-linux-gnu/libstdc++.so.6.0.19
7f7aeb5e2000-7f7aeb5f7000 rw-p 00000000 00:00 0 
7f7aeb5f7000-7f7aec10f000 r-xp 00000000 08:08 4071222                    /usr/lib/jvm/java-7-openjdk-amd64/jre/lib/amd64/server/libjvm.so
7f7aec10f000-7f7aec30f000 ---p 00b18000 08:08 4071222                    /usr/lib/jvm/java-7-openjdk-amd64/jre/lib/amd64/server/libjvm.so
7f7aec30f000-7f7aec3a9000 r--p 00b18000 08:08 4071222                    /usr/lib/jvm/java-7-openjdk-amd64/jre/lib/amd64/server/libjvm.so
7f7aec3a9000-7f7aec3cc000 rw-p 00bb2000 08:08 4071222                    /usr/lib/jvm/java-7-openjdk-amd64/jre/lib/amd64/server/libjvm.so
7f7aec3cc000-7f7aec3fa000 rw-p 00000000 00:00 0 
7f7aec3fa000-7f7aec412000 r-xp 00000000 08:08 4984978                    /lib/x86_64-linux-gnu/libz.so.1.2.8
7f7aec412000-7f7aec611000 ---p 00018000 08:08 4984978                    /lib/x86_64-linux-gnu/libz.so.1.2.8
7f7aec611000-7f7aec612000 r--p 00017000 08:08 4984978                    /lib/x86_64-linux-gnu/libz.so.1.2.8
7f7aec612000-7f7aec613000 rw-p 00018000 08:08 4984978                    /lib/x86_64-linux-gnu/libz.so.1.2.8
7f7aec613000-7f7aec62c000 r-xp 00000000 08:08 4993223                    /lib/x86_64-linux-gnu/libpthread-2.19.so
7f7aec62c000-7f7aec82b000 ---p 00019000 08:08 4993223                    /lib/x86_64-linux-gnu/libpthread-2.19.so
7f7aec82b000-7f7aec82c000 r--p 00018000 08:08 4993223                    /lib/x86_64-linux-gnu/libpthread-2.19.so
7f7aec82c000-7f7aec82d000 rw-p 00019000 08:08 4993223                    /lib/x86_64-linux-gnu/libpthread-2.19.so
7f7aec82d000-7f7aec831000 rw-p 00000000 00:00 0 
7f7aec831000-7f7aec834000 r-xp 00000000 08:08 4993211                    /lib/x86_64-linux-gnu/libdl-2.19.so
7f7aec834000-7f7aeca33000 ---p 00003000 08:08 4993211                    /lib/x86_64-linux-gnu/libdl-2.19.so
7f7aeca33000-7f7aeca34000 r--p 00002000 08:08 4993211                    /lib/x86_64-linux-gnu/libdl-2.19.so
7f7aeca34000-7f7aeca35000 rw-p 00003000 08:08 4993211                    /lib/x86_64-linux-gnu/libdl-2.19.so
7f7aeca35000-7f7aecbf0000 r-xp 00000000 08:08 4993222                    /lib/x86_64-linux-gnu/libc-2.19.so
7f7aecbf0000-7f7aecdef000 ---p 001bb000 08:08 4993222                    /lib/x86_64-linux-gnu/libc-2.19.so
7f7aecdef000-7f7aecdf3000 r--p 001ba000 08:08 4993222                    /lib/x86_64-linux-gnu/libc-2.19.so
7f7aecdf3000-7f7aecdf5000 rw-p 001be000 08:08 4993222                    /lib/x86_64-linux-gnu/libc-2.19.so
7f7aecdf5000-7f7aecdfa000 rw-p 00000000 00:00 0 
7f7aecdfa000-7f7aece07000 r-xp 00000000 08:08 4071193                    /usr/lib/jvm/java-7-openjdk-amd64/jre/lib/amd64/jli/libjli.so
7f7aece07000-7f7aed006000 ---p 0000d000 08:08 4071193                    /usr/lib/jvm/java-7-openjdk-amd64/jre/lib/amd64/jli/libjli.so
7f7aed006000-7f7aed007000 r--p 0000c000 08:08 4071193                    /usr/lib/jvm/java-7-openjdk-amd64/jre/lib/amd64/jli/libjli.so
7f7aed007000-7f7aed008000 rw-p 0000d000 08:08 4071193                    /usr/lib/jvm/java-7-openjdk-amd64/jre/lib/amd64/jli/libjli.so
7f7aed008000-7f7aed02b000 r-xp 00000000 08:08 4993219                    /lib/x86_64-linux-gnu/ld-2.19.so
7f7aed02b000-7f7aed02d000 r--s 0000e000 08:08 4064739                    /usr/lib/jvm/java-7-openjdk-amd64/jre/lib/ext/itext-pdfa-5.5.6.jar
7f7aed02d000-7f7aed030000 r--s 0000f000 08:08 4071227                    /usr/lib/jvm/java-7-openjdk-amd64/jre/lib/ext/icedtea-sound.jar
7f7aed030000-7f7aed048000 r--s 00212000 08:08 4064736                    /usr/lib/jvm/java-7-openjdk-amd64/jre/lib/ext/itextpdf-5.5.6.jar
7f7aed048000-7f7aed052000 rw-p 00000000 00:00 0 
7f7aed052000-7f7aed108000 rw-p 00000000 00:00 0 
7f7aed108000-7f7aed10b000 ---p 00000000 00:00 0 
7f7aed10b000-7f7aed20e000 rw-p 00000000 00:00 0                          [stack:6769]
7f7aed20e000-7f7aed20f000 r--s 0000d000 08:08 4064741                    /usr/lib/jvm/java-7-openjdk-amd64/jre/lib/ext/itext-pdfa-5.5.6-sources.jar
7f7aed20f000-7f7aed211000 r--s 00012000 08:08 4071232                    /usr/lib/jvm/java-7-openjdk-amd64/jre/lib/ext/zipfs.jar
7f7aed211000-7f7aed213000 r--s 0002c000 08:08 4064740                    /usr/lib/jvm/java-7-openjdk-amd64/jre/lib/ext/itext-pdfa-5.5.6-javadoc.jar
7f7aed213000-7f7aed216000 r--s 00086000 08:08 4071230                    /usr/lib/jvm/java-7-openjdk-amd64/jre/lib/ext/localedata.jar
7f7aed216000-7f7aed217000 r--s 00002000 08:08 4071228                    /usr/lib/jvm/java-7-openjdk-amd64/jre/lib/ext/dnsns.jar
7f7aed217000-7f7aed21a000 r--s 0001a000 08:08 4064742                    /usr/lib/jvm/java-7-openjdk-amd64/jre/lib/ext/itext-xtra-5.5.6.jar
7f7aed21a000-7f7aed21e000 r--s 00051000 08:08 4064743                    /usr/lib/jvm/java-7-openjdk-amd64/jre/lib/ext/itext-xtra-5.5.6-javadoc.jar
7f7aed21e000-7f7aed226000 rw-s 00000000 08:08 1724664                    /tmp/hsperfdata_anshul/6768
7f7aed226000-7f7aed227000 rw-p 00000000 00:00 0 
7f7aed227000-7f7aed228000 r--p 00000000 00:00 0 
7f7aed228000-7f7aed22a000 rw-p 00000000 00:00 0 
7f7aed22a000-7f7aed22b000 r--p 00022000 08:08 4993219                    /lib/x86_64-linux-gnu/ld-2.19.so
7f7aed22b000-7f7aed22c000 rw-p 00023000 08:08 4993219                    /lib/x86_64-linux-gnu/ld-2.19.so
7f7aed22c000-7f7aed22d000 rw-p 00000000 00:00 0 
7ffcbda33000-7ffcbda54000 rw-p 00000000 00:00 0                          [stack]
7ffcbdbbe000-7ffcbdbc0000 r-xp 00000000 00:00 0                          [vdso]
7ffcbdbc0000-7ffcbdbc2000 r--p 00000000 00:00 0                          [vvar]
ffffffffff600000-ffffffffff601000 r-xp 00000000 00:00 0                  [vsyscall]

VM Arguments:
java_command: ExtractPageContentArea
Launcher Type: SUN_STANDARD

Environment Variables:
PATH=/usr/local/sbin:/usr/local/bin:/usr/sbin:/usr/bin:/sbin:/bin:/usr/games:/usr/local/games
SHELL=/bin/bash
DISPLAY=:0

Signal Handlers:
SIGSEGV: [libjvm.so+0x94b9a0], sa_mask[0]=0x7ffbfeff, sa_flags=0x10000004
SIGBUS: [libjvm.so+0x94b9a0], sa_mask[0]=0x7ffbfeff, sa_flags=0x10000004
SIGFPE: [libjvm.so+0x7c3880], sa_mask[0]=0x7ffbfeff, sa_flags=0x10000004
SIGPIPE: [libjvm.so+0x7c3880], sa_mask[0]=0x7ffbfeff, sa_flags=0x10000004
SIGXFSZ: [libjvm.so+0x7c3880], sa_mask[0]=0x7ffbfeff, sa_flags=0x10000004
SIGILL: [libjvm.so+0x7c3880], sa_mask[0]=0x7ffbfeff, sa_flags=0x10000004
SIGUSR1: SIG_DFL, sa_mask[0]=0x00000000, sa_flags=0x00000000
SIGUSR2: [libjvm.so+0x7c3720], sa_mask[0]=0x00000000, sa_flags=0x10000004
SIGHUP: [libjvm.so+0x7c3900], sa_mask[0]=0x7ffbfeff, sa_flags=0x10000004
SIGINT: [libjvm.so+0x7c3900], sa_mask[0]=0x7ffbfeff, sa_flags=0x10000004
SIGTERM: [libjvm.so+0x7c3900], sa_mask[0]=0x7ffbfeff, sa_flags=0x10000004
SIGQUIT: [libjvm.so+0x7c3900], sa_mask[0]=0x7ffbfeff, sa_flags=0x10000004
SIGTRAP: SIG_DFL, sa_mask[0]=0x00000000, sa_flags=0x00000000


---------------  S Y S T E M  ---------------

OS:Ubuntu 14.04 (trusty)
uname:Linux 3.16.0-34-generic #47~14.04.1-Ubuntu SMP Fri Apr 10 17:49:16 UTC 2015 x86_64
libc:glibc 2.19 NPTL 2.19 
rlimit: STACK 8192k, CORE 0k, NPROC 31124, NOFILE 4096, AS infinity
load average:0.06 0.14 0.21

/proc/meminfo:
MemTotal:        8054496 kB
MemFree:         3544992 kB
MemAvailable:    4458600 kB
Buffers:          218508 kB
Cached:          1301212 kB
SwapCached:            0 kB
Active:          3229080 kB
Inactive:         938772 kB
Active(anon):    2665472 kB
Inactive(anon):   478240 kB
Active(file):     563608 kB
Inactive(file):   460532 kB
Unevictable:         128 kB
Mlocked:             128 kB
SwapTotal:             0 kB
SwapFree:              0 kB
Dirty:                32 kB
Writeback:             0 kB
AnonPages:       2648772 kB
Mapped:           447572 kB
Shmem:            495360 kB
Slab:             156300 kB
SReclaimable:     116824 kB
SUnreclaim:        39476 kB
KernelStack:       11728 kB
PageTables:        58608 kB
NFS_Unstable:          0 kB
Bounce:                0 kB
WritebackTmp:          0 kB
CommitLimit:     4027248 kB
Committed_AS:    9689112 kB
VmallocTotal:   34359738367 kB
VmallocUsed:      564296 kB
VmallocChunk:   34359093240 kB
HardwareCorrupted:     0 kB
AnonHugePages:    618496 kB
HugePages_Total:       0
HugePages_Free:        0
HugePages_Rsvd:        0
HugePages_Surp:        0
Hugepagesize:       2048 kB
DirectMap4k:       67008 kB
DirectMap2M:     4005888 kB
DirectMap1G:     4194304 kB


CPU:total 4 (2 cores per cpu, 2 threads per core) family 6 model 69 stepping 1, cmov, cx8, fxsr, mmx, sse, sse2, sse3, ssse3, sse4.1, sse4.2, popcnt, avx, avx2, aes, erms, ht, tsc, tscinvbit

/proc/cpuinfo:
processor	: 0
vendor_id	: GenuineIntel
cpu family	: 6
model		: 69
model name	: Intel(R) Core(TM) i7-4500U CPU @ 1.80GHz
stepping	: 1
microcode	: 0x17
cpu MHz		: 2542.781
cache size	: 4096 KB
physical id	: 0
siblings	: 4
core id		: 0
cpu cores	: 2
apicid		: 0
initial apicid	: 0
fpu		: yes
fpu_exception	: yes
cpuid level	: 13
wp		: yes
flags		: fpu vme de pse tsc msr pae mce cx8 apic sep mtrr pge mca cmov pat pse36 clflush dts acpi mmx fxsr sse sse2 ss ht tm pbe syscall nx pdpe1gb rdtscp lm constant_tsc arch_perfmon pebs bts rep_good nopl xtopology nonstop_tsc aperfmperf eagerfpu pni pclmulqdq dtes64 monitor ds_cpl vmx est tm2 ssse3 fma cx16 xtpr pdcm pcid sse4_1 sse4_2 movbe popcnt tsc_deadline_timer aes xsave avx f16c rdrand lahf_lm abm ida arat epb xsaveopt pln pts dtherm tpr_shadow vnmi flexpriority ept vpid fsgsbase tsc_adjust bmi1 avx2 smep bmi2 erms invpcid
bogomips	: 4788.87
clflush size	: 64
cache_alignment	: 64
address sizes	: 39 bits physical, 48 bits virtual
power management:

processor	: 1
vendor_id	: GenuineIntel
cpu family	: 6
model		: 69
model name	: Intel(R) Core(TM) i7-4500U CPU @ 1.80GHz
stepping	: 1
microcode	: 0x17
cpu MHz		: 2700.000
cache size	: 4096 KB
physical id	: 0
siblings	: 4
core id		: 0
cpu cores	: 2
apicid		: 1
initial apicid	: 1
fpu		: yes
fpu_exception	: yes
cpuid level	: 13
wp		: yes
flags		: fpu vme de pse tsc msr pae mce cx8 apic sep mtrr pge mca cmov pat pse36 clflush dts acpi mmx fxsr sse sse2 ss ht tm pbe syscall nx pdpe1gb rdtscp lm constant_tsc arch_perfmon pebs bts rep_good nopl xtopology nonstop_tsc aperfmperf eagerfpu pni pclmulqdq dtes64 monitor ds_cpl vmx est tm2 ssse3 fma cx16 xtpr pdcm pcid sse4_1 sse4_2 movbe popcnt tsc_deadline_timer aes xsave avx f16c rdrand lahf_lm abm ida arat epb xsaveopt pln pts dtherm tpr_shadow vnmi flexpriority ept vpid fsgsbase tsc_adjust bmi1 avx2 smep bmi2 erms invpcid
bogomips	: 4788.87
clflush size	: 64
cache_alignment	: 64
address sizes	: 39 bits physical, 48 bits virtual
power management:

processor	: 2
vendor_id	: GenuineIntel
cpu family	: 6
model		: 69
model name	: Intel(R) Core(TM) i7-4500U CPU @ 1.80GHz
stepping	: 1
microcode	: 0x17
cpu MHz		: 2700.000
cache size	: 4096 KB
physical id	: 0
siblings	: 4
core id		: 1
cpu cores	: 2
apicid		: 2
initial apicid	: 2
fpu		: yes
fpu_exception	: yes
cpuid level	: 13
wp		: yes
flags		: fpu vme de pse tsc msr pae mce cx8 apic sep mtrr pge mca cmov pat pse36 clflush dts acpi mmx fxsr sse sse2 ss ht tm pbe syscall nx pdpe1gb rdtscp lm constant_tsc arch_perfmon pebs bts rep_good nopl xtopology nonstop_tsc aperfmperf eagerfpu pni pclmulqdq dtes64 monitor ds_cpl vmx est tm2 ssse3 fma cx16 xtpr pdcm pcid sse4_1 sse4_2 movbe popcnt tsc_deadline_timer aes xsave avx f16c rdrand lahf_lm abm ida arat epb xsaveopt pln pts dtherm tpr_shadow vnmi flexpriority ept vpid fsgsbase tsc_adjust bmi1 avx2 smep bmi2 erms invpcid
bogomips	: 4788.87
clflush size	: 64
cache_alignment	: 64
address sizes	: 39 bits physical, 48 bits virtual
power management:

processor	: 3
vendor_id	: GenuineIntel
cpu family	: 6
model		: 69
model name	: Intel(R) Core(TM) i7-4500U CPU @ 1.80GHz
stepping	: 1
microcode	: 0x17
cpu MHz		: 2516.437
cache size	: 4096 KB
physical id	: 0
siblings	: 4
core id		: 1
cpu cores	: 2
apicid		: 3
initial apicid	: 3
fpu		: yes
fpu_exception	: yes
cpuid level	: 13
wp		: yes
flags		: fpu vme de pse tsc msr pae mce cx8 apic sep mtrr pge mca cmov pat pse36 clflush dts acpi mmx fxsr sse sse2 ss ht tm pbe syscall nx pdpe1gb rdtscp lm constant_tsc arch_perfmon pebs bts rep_good nopl xtopology nonstop_tsc aperfmperf eagerfpu pni pclmulqdq dtes64 monitor ds_cpl vmx est tm2 ssse3 fma cx16 xtpr pdcm pcid sse4_1 sse4_2 movbe popcnt tsc_deadline_timer aes xsave avx f16c rdrand lahf_lm abm ida arat epb xsaveopt pln pts dtherm tpr_shadow vnmi flexpriority ept vpid fsgsbase tsc_adjust bmi1 avx2 smep bmi2 erms invpcid
bogomips	: 4788.87
clflush size	: 64
cache_alignment	: 64
address sizes	: 39 bits physical, 48 bits virtual
power management:



Memory: 4k page, physical 8054496k(3544992k free), swap 0k(0k free)

vm_info: OpenJDK 64-Bit Server VM (24.79-b02) for linux-amd64 JRE (1.7.0_79-b14), built on Apr 16 2015 08:21:58 by "buildd" with gcc 4.8.2

time: Thu May 28 12:22:50 2015
elapsed time: 0 seconds

